<?xml version="1.0" encoding="UTF-8"?>
<!-- Generated by org.testng.reporters.JUnitXMLReporter -->
<testsuite ignored="0" hostname="Sarawat" failures="0" tests="4" name="Default test" time="4.28" errors="0" timestamp="2023-11-09T23:17:15 EST">
  <testcase classname="com.facebookLocators.DirectLocators" name="idLocatorTest" time="0.079"/>
  <testcase classname="com.facebookLocators.DirectLocators" name="linkTextLocatorTest" time="0.673"/>
  <testcase classname="com.facebookLocators.DirectLocators" name="nameLocatorTest" time="0.07"/>
  <testcase classname="com.facebookLocators.DirectLocators" name="partialLinkTextLocatorTest" time="0.553"/>
</testsuite> <!-- Default test -->
